8516f429420f2d206d86953aacb738e5f4ef579d
Wenzhuo
1603805581
Add Controler.
 1 file changed, 1 insertion(+)

21704b4570c73b594778ab1e5aedf7bb6d17df97
Wenzhuo
1603805197
Update index.html
 1 file changed, 1 insertion(+), 1 deletion(-)

bb6f082c95c3b03320248659f0d93007149b040a
Wenzhuo
1603801421
Change the size of Iso-div.
 1 file changed, 27 insertions(+), 24 deletions(-)

e9ac08342751b59d1e441891e61c35a2b05c0aa1
derossiwang
1602499787
merged version
 3 files changed, 1465 insertions(+), 650 deletions(-)

57eb46756e450007eb365af63b0f6ac4a04178f5
derossiwang
1601804700
change id naming
 2 files changed, 9 insertions(+), 8 deletions(-)

c87b4fb7d5ff6592cc32b1fab89ec374028b50b8
derossiwang
1601798238
Feature1-3compelte
 1 file changed, 23 insertions(+), 6 deletions(-)

136b3aa5e4de44ad8d13787b7f108e930bfe5422
derossiwang
1601797140
refine logic of isochrone logic
 3 files changed, 64 insertions(+), 103 deletions(-)

f1524e04e4cbdf8668dc06971027027b85d59b6e
derossiwang
1601794049
basic isochrone logic implemented
 2 files changed, 173 insertions(+), 60 deletions(-)

3a13206fb41449db46cda1b9ecced8d0d43ea197
derossiwang
1601782298
remake html & css
 2 files changed, 46 insertions(+), 6 deletions(-)

4f00af73e0244e6d8d7814d97a4805be064c30e1
derossiwang
1601781364
html beautify
 1 file changed, 8 insertions(+), 3 deletions(-)

0f9817fbab3d3968d904bdfb7855dff58359dc88
derossiwang
1601779439
Feature 2 complete
 1 file changed, 23 insertions(+), 5 deletions(-)

ea373279169a21862a6caaca603754bf30df0c1a
derossiwang
1601742112
Filter will affect showNearest function as well
 1 file changed, 1 insertion(+)

365aa8262f1b48eb439e6ce74e876932914e16a9
derossiwang
1601741899
update show only visible layer for nearest stuff logic
 1 file changed, 20 insertions(+), 12 deletions(-)

e6379fc47f721aefca5a67668a43ffc65a50db4a
derossiwang
1601741410
50% show only visible layer
 1 file changed, 29 insertions(+), 3 deletions(-)

683221ba33c44bbb2c5e5c35f863b27faa2afd57
derossiwang
1601739494
Find Nearest stuff draft complete
 3 files changed, 466 insertions(+), 30 deletions(-)

db0b451c2ebe4851cdd3d7e77ff0b80cdb2ead8b
derossiwang
1601718888
stuck: cannot retrieve the whole layer data
 1 file changed, 27 insertions(+), 2 deletions(-)

0dff2a66683c5ca454fddad6a41b07259d062def
derossiwang
1601709714
added scale to bottom left
 3 files changed, 48 insertions(+), 31 deletions(-)

919bf0ea3ab09811427968a63db133381818a354
derossiwang
1601707326
Finished Frist Feature
 1 file changed, 38 insertions(+), 26 deletions(-)

fe9a1c9ce09570c441603ec447d274165c332047
derossiwang
1601705995
Dynamic lengend finished
 1 file changed, 143 insertions(+), 148 deletions(-)

4499b9bb3dd58edfdb50d76c9e18347ec5a3c75e
derossiwang
1601703646
Static legend list ready
 12 files changed, 168 insertions(+), 32 deletions(-)

695cee08a21a3387431d58c83a8feb24c3c10665
Wenzhuo
1601700504
Crete a initialization README
 1 file changed, 5 insertions(+), 7 deletions(-)

d0ede026cd6eabec3a8c3ded1f17ebb42675c1d7
Wenzhuo
1601699663
Intialize and connect to my own mapbox
 9 files changed, 349 insertions(+), 2 deletions(-)

1a362432aed408b6f7f84b768a4ec6f92c6e6348
derossiwang
1601697241
Full list of layers provided
 1 file changed, 6 insertions(+), 3 deletions(-)

639d061103d7b5d97c71b17e76b355cf040f3f0e
derossiwang
1601694835
fixed javascript issue
 2 files changed, 4 insertions(+), 2 deletions(-)

c42845501b6f2c8fc287b1293c9019fd8a572ba1
derossiwang
1601694042
refine toggle menu workflow
 1 file changed, 17 insertions(+), 2 deletions(-)

7f4d734c486f5eca95107e487758136a1cf877f5
derossiwang
1601693342
initializeVisibility
 1 file changed, 10 insertions(+)

7add8fc6874595b4d47d434b4898c1395cd95971
derossiwang
1601658824
know usage of map.on load/style.load
 2 files changed, 125 insertions(+), 99 deletions(-)

df6b590aed833d9d64fa27d6dce7d7d2d741875a
derossiwang
1601656012
basic legend
 3 files changed, 43 insertions(+)

13b2a1f865dcd31e4e51852ed85cde75d1079dc5
derossiwang
1601646904
First Attemp on [1]a: Show/Hide layers
 3 files changed, 214 insertions(+)

96017a6057f2a5cebf0a956cbc2f0e07af85f312
derossiwang
1601634006
initialize project
 3 files changed, 0 insertions(+), 0 deletions(-)

fdaf2bb9a55d63cd74b23bf6ce4405740ac75326
derossiwang
1601633841
Initial commit
 2 files changed, 4 insertions(+)
